<?xml version="1.0" encoding="UTF-8"?>
<!-- Generated by org.testng.reporters.JUnitXMLReporter -->
<testsuite ignored="0" hostname="LIN51009747" failures="0" tests="4" name="Test" time="0.175" errors="0" timestamp="2023-08-27T15:40:42 IST">
  <testcase classname="com.tesng.SecondTest" name="log" time="0.027"/>
  <testcase classname="com.tesng.SecondTest" name="search" time="0.003"/>
  <testcase classname="com.tesng.SecondTest" name="addToCart" time="0.004"/>
  <testcase classname="com.tesng.SecondTest" name="checkOut" time="0.008"/>
</testsuite> <!-- Test -->
