<?xml version="1.0" encoding="UTF-8"?>
<testng-results ignored="0" total="2" passed="2" failed="0" skipped="0">
  <reporter-output>
  </reporter-output>
  <suite started-at="2023-08-29T17:39:47 IST" name="Default suite" finished-at="2023-08-29T17:40:08 IST" duration-ms="20991">
    <groups>
      <group name="cucumber">
        <method signature="AbstractTestNGCucumberTests.runScenario(io.cucumber.testng.PickleWrapper,io.cucumber.testng.FeatureWrapper)[pri:0, instance:Runner.TestRunnerLogintag@5c90e579]" name="runScenario" class="io.cucumber.testng.AbstractTestNGCucumberTests"/>
      </group> <!-- cucumber -->
    </groups>
    <test started-at="2023-08-29T17:39:47 IST" name="Default test" finished-at="2023-08-29T17:40:08 IST" duration-ms="20991">
      <class name="Runner.TestRunnerLogintag">
        <test-method is-config="true" signature="setUpClass(org.testng.ITestContext)[pri:0, instance:Runner.TestRunnerLogintag@5c90e579]" started-at="2023-08-29T17:39:47 IST" name="setUpClass" finished-at="2023-08-29T17:39:49 IST" duration-ms="2290" status="PASS">
          <params>
            <param index="0">
              <value>
                <![CDATA[org.testng.TestRunner@727320fa]]>
              </value>
            </param>
          </params>
          <reporter-output>
          </reporter-output>
        </test-method> <!-- setUpClass -->
        <test-method signature="runScenario(io.cucumber.testng.PickleWrapper,io.cucumber.testng.FeatureWrapper)[pri:0, instance:Runner.TestRunnerLogintag@5c90e579]" started-at="2023-08-29T17:39:49 IST" name="runScenario" description="Runs Cucumber Scenarios" data-provider="scenarios" finished-at="2023-08-29T17:39:59 IST" duration-ms="9682" status="PASS">
          <params>
            <param index="0">
              <value>
                <![CDATA["check the login functionality for valid data"]]>
              </value>
            </param>
            <param index="1">
              <value>
                <![CDATA["validate Login Functionality for swag lab application"]]>
              </value>
            </param>
          </params>
          <reporter-output>
          </reporter-output>
        </test-method> <!-- runScenario -->
        <test-method signature="runScenario(io.cucumber.testng.PickleWrapper,io.cucumber.testng.FeatureWrapper)[pri:0, instance:Runner.TestRunnerLogintag@5c90e579]" started-at="2023-08-29T17:39:59 IST" name="runScenario" description="Runs Cucumber Scenarios" data-provider="scenarios" finished-at="2023-08-29T17:40:07 IST" duration-ms="8240" status="PASS">
          <params>
            <param index="0">
              <value>
                <![CDATA["check the login functionality for valid data"]]>
              </value>
            </param>
            <param index="1">
              <value>
                <![CDATA["validate Login Functionality for swag lab application"]]>
              </value>
            </param>
          </params>
          <reporter-output>
          </reporter-output>
        </test-method> <!-- runScenario -->
        <test-method is-config="true" signature="tearDownClass()[pri:0, instance:Runner.TestRunnerLogintag@5c90e579]" started-at="2023-08-29T17:40:07 IST" name="tearDownClass" finished-at="2023-08-29T17:40:08 IST" duration-ms="641" status="PASS">
          <reporter-output>
          </reporter-output>
        </test-method> <!-- tearDownClass -->
      </class> <!-- Runner.TestRunnerLogintag -->
    </test> <!-- Default test -->
  </suite> <!-- Default suite -->
</testng-results>
